{"C:\\Users\\RiH\\Desktop\\Open Source\\swapso open source\\BTC-module\\btc-controller\\src\\helper\\index.ts":{"path":"C:\\Users\\RiH\\Desktop\\Open Source\\swapso open source\\BTC-module\\btc-controller\\src\\helper\\index.ts","statementMap":{},"fnMap":{},"branchMap":{},"s":{},"f":{},"b":{},"all":true},"C:\\Users\\RiH\\Desktop\\Open Source\\swapso open source\\BTC-module\\btc-controller\\src\\helper\\utils\\index.ts":{"path":"C:\\Users\\RiH\\Desktop\\Open Source\\swapso open source\\BTC-module\\btc-controller\\src\\helper\\utils\\index.ts","statementMap":{},"fnMap":{},"branchMap":{},"s":{},"f":{},"b":{},"all":true},"C:\\Users\\RiH\\Desktop\\Open Source\\swapso open source\\BTC-module\\btc-controller\\src\\helper\\utils\\generateAddress.ts":{"path":"C:\\Users\\RiH\\Desktop\\Open Source\\swapso open source\\BTC-module\\btc-controller\\src\\helper\\utils\\generateAddress.ts","statementMap":{"0":{"start":{"line":4,"column":15},"end":{"line":4,"column":45}},"1":{"start":{"line":6,"column":21},"end":{"line":6,"column":41}},"2":{"start":{"line":8,"column":2},"end":{"line":10,"column":3}},"3":{"start":{"line":9,"column":4},"end":{"line":9,"column":29}},"4":{"start":{"line":11,"column":17},"end":{"line":11,"column":49}},"5":{"start":{"line":14,"column":23},"end":{"line":16,"column":35}},"6":{"start":{"line":18,"column":22},"end":{"line":21,"column":4}},"7":{"start":{"line":23,"column":2},"end":{"line":28,"column":4}}},"fnMap":{"0":{"name":"generateAddress","decl":{"start":{"line":3,"column":16},"end":{"line":3,"column":31}},"loc":{"start":{"line":3,"column":66},"end":{"line":29,"column":1}},"line":3}},"branchMap":{"0":{"loc":{"start":{"line":8,"column":2},"end":{"line":10,"column":3}},"type":"if","locations":[{"start":{"line":8,"column":2},"end":{"line":10,"column":3}},{"start":{},"end":{}}],"line":8},"1":{"loc":{"start":{"line":14,"column":23},"end":{"line":16,"column":35}},"type":"cond-expr","locations":[{"start":{"line":15,"column":6},"end":{"line":15,"column":22}},{"start":{"line":16,"column":6},"end":{"line":16,"column":35}}],"line":14}},"s":{"0":0,"1":0,"2":0,"3":0,"4":0,"5":0,"6":0,"7":0},"f":{"0":0},"b":{"0":[0,0],"1":[0,0]},"all":true},"C:\\Users\\RiH\\Desktop\\Open Source\\swapso open source\\BTC-module\\btc-controller\\src\\helper\\utils\\calcBip32ExtendedKeys.ts":{"path":"C:\\Users\\RiH\\Desktop\\Open Source\\swapso open source\\BTC-module\\btc-controller\\src\\helper\\utils\\calcBip32ExtendedKeys.ts","statementMap":{"0":{"start":{"line":3,"column":2},"end":{"line":5,"column":3}},"1":{"start":{"line":4,"column":4},"end":{"line":4,"column":24}},"2":{"start":{"line":6,"column":20},"end":{"line":6,"column":32}},"3":{"start":{"line":8,"column":17},"end":{"line":8,"column":34}},"4":{"start":{"line":9,"column":2},"end":{"line":25,"column":3}},"5":{"start":{"line":9,"column":15},"end":{"line":9,"column":16}},"6":{"start":{"line":10,"column":14},"end":{"line":10,"column":25}},"7":{"start":{"line":11,"column":16},"end":{"line":11,"column":29}},"8":{"start":{"line":12,"column":4},"end":{"line":14,"column":5}},"9":{"start":{"line":13,"column":6},"end":{"line":13,"column":15}},"10":{"start":{"line":15,"column":19},"end":{"line":15,"column":45}},"11":{"start":{"line":16,"column":17},"end":{"line":16,"column":42}},"12":{"start":{"line":17,"column":32},"end":{"line":17,"column":51}},"13":{"start":{"line":18,"column":4},"end":{"line":24,"column":5}},"14":{"start":{"line":19,"column":6},"end":{"line":19,"column":25}},"15":{"start":{"line":20,"column":11},"end":{"line":24,"column":5}},"16":{"start":{"line":21,"column":6},"end":{"line":21,"column":54}},"17":{"start":{"line":23,"column":6},"end":{"line":23,"column":46}},"18":{"start":{"line":26,"column":2},"end":{"line":26,"column":21}}},"fnMap":{"0":{"name":"calcBip32ExtendedKeys","decl":{"start":{"line":1,"column":16},"end":{"line":1,"column":37}},"loc":{"start":{"line":1,"column":60},"end":{"line":27,"column":1}},"line":1}},"branchMap":{"0":{"loc":{"start":{"line":3,"column":2},"end":{"line":5,"column":3}},"type":"if","locations":[{"start":{"line":3,"column":2},"end":{"line":5,"column":3}},{"start":{},"end":{}}],"line":3},"1":{"loc":{"start":{"line":12,"column":4},"end":{"line":14,"column":5}},"type":"if","locations":[{"start":{"line":12,"column":4},"end":{"line":14,"column":5}},{"start":{},"end":{}}],"line":12},"2":{"loc":{"start":{"line":17,"column":32},"end":{"line":17,"column":51}},"type":"binary-expr","locations":[{"start":{"line":17,"column":32},"end":{"line":17,"column":40}},{"start":{"line":17,"column":44},"end":{"line":17,"column":51}}],"line":17},"3":{"loc":{"start":{"line":18,"column":4},"end":{"line":24,"column":5}},"type":"if","locations":[{"start":{"line":18,"column":4},"end":{"line":24,"column":5}},{"start":{"line":20,"column":11},"end":{"line":24,"column":5}}],"line":18},"4":{"loc":{"start":{"line":20,"column":11},"end":{"line":24,"column":5}},"type":"if","locations":[{"start":{"line":20,"column":11},"end":{"line":24,"column":5}},{"start":{"line":22,"column":11},"end":{"line":24,"column":5}}],"line":20}},"s":{"0":0,"1":0,"2":0,"3":0,"4":0,"5":0,"6":0,"7":0,"8":0,"9":0,"10":0,"11":0,"12":0,"13":0,"14":0,"15":0,"16":0,"17":0,"18":0},"f":{"0":0},"b":{"0":[0,0],"1":[0,0],"2":[0,0],"3":[0,0],"4":[0,0]},"all":true}}